<?xml version="1.0" encoding="UTF-8"?>
<!-- Generated by org.testng.reporters.JUnitXMLReporter -->
<testsuite ignored="0" hostname="BINTERNS-QA33L" failures="0" tests="22" name="Default test" time="248.253" errors="0" timestamp="2023-05-30T14:08:19 IST">
  <testcase classname="Test.LoginPageTest" name="login_with_valid_credentials" time="12.236"/>
  <testcase classname="Test.LoginPageTest" name="contactedProperties" time="5.128"/>
  <testcase classname="Test.LoginPageTest" name="seenProperties" time="5.057"/>
  <testcase classname="Test.LoginPageTest" name="savedProperties" time="5.107"/>
  <testcase classname="Test.LoginPageTest" name="savedSearch" time="5.114"/>
  <testcase classname="Test.LoginPageTest" name="myTransactions" time="7.181"/>
  <testcase classname="Test.LoginPageTest" name="quickLinksModule" time="8.169"/>
  <testcase classname="Test.LoginPageTest" name="VerificationOfCountOfLinksInQuickLinksVerification" time="5.046"/>
  <testcase classname="Test.LoginPageTest" name="quickLinksHome" time="5.083"/>
  <testcase classname="Test.LoginPageTest" name="quickLinksOwnerPackages" time="12.86"/>
  <testcase classname="Test.LoginPageTest" name="quickLinksPostProperties" time="12.182"/>
  <testcase classname="Test.LoginPageTest" name="quickLinksNews" time="19.481"/>
  <testcase classname="Test.LoginPageTest" name="quickLinksHousingPremium" time="12.913"/>
  <testcase classname="Test.LoginPageTest" name="housingEdgePayOnCredit" time="22.211"/>
  <testcase classname="Test.LoginPageTest" name="housingEdgePersonalLoans" time="12.487"/>
  <testcase classname="Test.LoginPageTest" name="housingEdgeQuickCash" time="12.506"/>
  <testcase classname="Test.LoginPageTest" name="housingEdgeRentNowPayLater" time="12.447"/>
  <testcase classname="Test.LoginPageTest" name="housingEdgeRentAgreement" time="15.0"/>
  <testcase classname="Test.LoginPageTest" name="housingEdgeHomeLoans" time="12.911"/>
  <testcase classname="Test.LoginPageTest" name="housingEdgeHomeInteriors" time="19.144"/>
  <testcase classname="Test.LoginPageTest" name="housingEdgePackersMovers" time="12.789"/>
  <testcase classname="Test.LoginPageTest" name="housingEdgePropertyManagement" time="13.132"/>
</testsuite> <!-- Default test -->
